-------------------------------------------------------------------------------
Test set: com.example.springlogin.SpringLoginApplicationTests
-------------------------------------------------------------------------------
Tests run: 1, Failures: 0, Errors: 1, Skipped: 0, Time elapsed: 5.722 s <<< FAILURE! - in com.example.springlogin.SpringLoginApplicationTests
contextLoads(com.example.springlogin.SpringLoginApplicationTests)  Time elapsed: 0.003 s  <<< ERROR!
java.lang.IllegalStateException: Failed to load ApplicationContext
Caused by: org.springframework.beans.factory.UnsatisfiedDependencyException: Error creating bean with name 'registrationController': Unsatisfied dependency expressed through field 'userService'; nested exception is org.springframework.beans.factory.UnsatisfiedDependencyException: Error creating bean with name 'userService' defined in file [/home/andrew/Apps/spring-login/target/classes/com/example/springlogin/service/UserService.class]: Unsatisfied dependency expressed through constructor parameter 1; nested exception is org.springframework.beans.factory.BeanCreationException: Error creating bean with name 'roleRepository': Invocation of init method failed; nested exception is java.lang.IllegalArgumentException: Failed to create query for method public abstract com.example.springlogin.model.Role com.example.springlogin.repository.RoleRepository.findByRole(java.lang.String)! No property role found for type Role!
Caused by: org.springframework.beans.factory.UnsatisfiedDependencyException: Error creating bean with name 'userService' defined in file [/home/andrew/Apps/spring-login/target/classes/com/example/springlogin/service/UserService.class]: Unsatisfied dependency expressed through constructor parameter 1; nested exception is org.springframework.beans.factory.BeanCreationException: Error creating bean with name 'roleRepository': Invocation of init method failed; nested exception is java.lang.IllegalArgumentException: Failed to create query for method public abstract com.example.springlogin.model.Role com.example.springlogin.repository.RoleRepository.findByRole(java.lang.String)! No property role found for type Role!
Caused by: org.springframework.beans.factory.BeanCreationException: Error creating bean with name 'roleRepository': Invocation of init method failed; nested exception is java.lang.IllegalArgumentException: Failed to create query for method public abstract com.example.springlogin.model.Role com.example.springlogin.repository.RoleRepository.findByRole(java.lang.String)! No property role found for type Role!
Caused by: java.lang.IllegalArgumentException: Failed to create query for method public abstract com.example.springlogin.model.Role com.example.springlogin.repository.RoleRepository.findByRole(java.lang.String)! No property role found for type Role!
Caused by: org.springframework.data.mapping.PropertyReferenceException: No property role found for type Role!

